This file contains any messages produced by compilers while
running configure, to aid debugging if configure makes a mistake.

It was created by cddlib configure 0.94m, which was
generated by GNU Autoconf 2.69.  Invocation command line was

  $ ./configure 

## --------- ##
## Platform. ##
## --------- ##

hostname = utile
uname -m = x86_64
uname -r = 4.15.0-142-generic
uname -s = Linux
uname -v = #146~16.04.1-Ubuntu SMP Tue Apr 13 09:27:15 UTC 2021

/usr/bin/uname -p = unknown
/bin/uname -X     = unknown

/bin/arch              = unknown
/usr/bin/arch -k       = unknown
/usr/convex/getsysinfo = unknown
/usr/bin/hostinfo      = unknown
/bin/machine           = unknown
/usr/bin/oslevel       = unknown
/bin/universe          = unknown

PATH: /usr/local/sbin
PATH: /usr/local/bin
PATH: /usr/sbin
PATH: /usr/bin
PATH: /sbin
PATH: /bin
PATH: /snap/bin


## ----------- ##
## Core tests. ##
## ----------- ##

configure:2272: checking for a BSD-compatible install
configure:2340: result: /usr/bin/install -c
configure:2351: checking whether build environment is sane
configure:2406: result: yes
configure:2557: checking for a thread-safe mkdir -p
configure:2596: result: /bin/mkdir -p
configure:2603: checking for gawk
configure:2619: found /usr/bin/gawk
configure:2630: result: gawk
configure:2641: checking whether make sets $(MAKE)
configure:2663: result: yes
configure:2692: checking whether make supports nested variables
configure:2709: result: yes
configure:2798: checking whether UID '0' is supported by ustar format
configure:2801: result: yes
configure:2808: checking whether GID '0' is supported by ustar format
configure:2811: result: yes
configure:2819: checking how to create a ustar tar archive
configure:2830: tar --version
tar (GNU tar) 1.29
Copyright (C) 2015 Free Software Foundation, Inc.
License GPLv3+: GNU GPL version 3 or later <http://gnu.org/licenses/gpl.html>.
This is free software: you are free to change and redistribute it.
There is NO WARRANTY, to the extent permitted by law.

Written by John Gilmore and Jay Fenlason.
configure:2833: $? = 0
configure:2873: tardir=conftest.dir && eval tar --format=ustar -chf - "$tardir" >conftest.tar
configure:2876: $? = 0
configure:2880: tar -xf - <conftest.tar
configure:2883: $? = 0
configure:2885: cat conftest.dir/file
GrepMe
configure:2888: $? = 0
configure:2901: result: gnutar
configure:3000: checking for gcc
configure:3016: found /usr/bin/gcc
configure:3027: result: gcc
configure:3256: checking for C compiler version
configure:3265: gcc --version >&5
gcc (Ubuntu 5.5.0-12ubuntu1~16.04) 5.5.0 20171010
Copyright (C) 2015 Free Software Foundation, Inc.
This is free software; see the source for copying conditions.  There is NO
warranty; not even for MERCHANTABILITY or FITNESS FOR A PARTICULAR PURPOSE.

configure:3276: $? = 0
configure:3265: gcc -v >&5
Using built-in specs.
COLLECT_GCC=gcc
COLLECT_LTO_WRAPPER=/usr/lib/gcc/x86_64-linux-gnu/5/lto-wrapper
Target: x86_64-linux-gnu
Configured with: ../src/configure -v --with-pkgversion='Ubuntu 5.5.0-12ubuntu1~16.04' --with-bugurl=file:///usr/share/doc/gcc-5/README.Bugs --enable-languages=c,ada,c++,java,go,d,fortran,objc,obj-c++ --prefix=/usr --program-suffix=-5 --enable-shared --enable-linker-build-id --libexecdir=/usr/lib --without-included-gettext --enable-threads=posix --libdir=/usr/lib --enable-nls --with-sysroot=/ --enable-clocale=gnu --enable-libstdcxx-debug --enable-libstdcxx-time=yes --with-default-libstdcxx-abi=new --enable-gnu-unique-object --disable-vtable-verify --enable-libmpx --enable-plugin --with-system-zlib --disable-browser-plugin --enable-java-awt=gtk --enable-gtk-cairo --with-java-home=/usr/lib/jvm/java-1.5.0-gcj-5-amd64/jre --enable-java-home --with-jvm-root-dir=/usr/lib/jvm/java-1.5.0-gcj-5-amd64 --with-jvm-jar-dir=/usr/lib/jvm-exports/java-1.5.0-gcj-5-amd64 --with-arch-directory=amd64 --with-ecj-jar=/usr/share/java/eclipse-ecj.jar --enable-objc-gc --enable-multiarch --disable-werror --with-arch-32=i686 --with-abi=m64 --with-multilib-list=m32,m64,mx32 --enable-multilib --with-tune=generic --enable-checking=release --build=x86_64-linux-gnu --host=x86_64-linux-gnu --target=x86_64-linux-gnu
Thread model: posix
gcc version 5.5.0 20171010 (Ubuntu 5.5.0-12ubuntu1~16.04) 
configure:3276: $? = 0
configure:3265: gcc -V >&5
gcc: error: unrecognized command line option '-V'
gcc: fatal error: no input files
compilation terminated.
configure:3276: $? = 1
configure:3265: gcc -qversion >&5
gcc: error: unrecognized command line option '-qversion'
gcc: fatal error: no input files
compilation terminated.
configure:3276: $? = 1
configure:3296: checking whether the C compiler works
configure:3318: gcc    conftest.c  >&5
configure:3322: $? = 0
configure:3370: result: yes
configure:3373: checking for C compiler default output file name
configure:3375: result: a.out
configure:3381: checking for suffix of executables
configure:3388: gcc -o conftest    conftest.c  >&5
configure:3392: $? = 0
configure:3414: result: 
configure:3436: checking whether we are cross compiling
configure:3444: gcc -o conftest    conftest.c  >&5
configure:3448: $? = 0
configure:3455: ./conftest
configure:3459: $? = 0
configure:3474: result: no
configure:3479: checking for suffix of object files
configure:3501: gcc -c   conftest.c >&5
configure:3505: $? = 0
configure:3526: result: o
configure:3530: checking whether we are using the GNU C compiler
configure:3549: gcc -c   conftest.c >&5
configure:3549: $? = 0
configure:3558: result: yes
configure:3567: checking whether gcc accepts -g
configure:3587: gcc -c -g  conftest.c >&5
configure:3587: $? = 0
configure:3628: result: yes
configure:3645: checking for gcc option to accept ISO C89
configure:3708: gcc  -c -g -O2  conftest.c >&5
configure:3708: $? = 0
configure:3721: result: none needed
configure:3746: checking whether gcc understands -c and -o together
configure:3768: gcc -c conftest.c -o conftest2.o
configure:3771: $? = 0
configure:3768: gcc -c conftest.c -o conftest2.o
configure:3771: $? = 0
configure:3783: result: yes
configure:3803: checking whether make supports the include directive
configure:3818: make -f confmf.GNU && cat confinc.out
this is the am__doit target
configure:3821: $? = 0
configure:3840: result: yes (GNU style)
configure:3865: checking dependency style of gcc
configure:3976: result: gcc3
configure:3992: checking for grep that handles long lines and -e
configure:4050: result: /bin/grep
configure:4055: checking for egrep
configure:4117: result: /bin/grep -E
configure:4151: checking build system type
configure:4165: result: x86_64-pc-linux-gnu
configure:4185: checking host system type
configure:4198: result: x86_64-pc-linux-gnu
configure:4239: checking how to print strings
configure:4266: result: printf
configure:4287: checking for a sed that does not truncate output
configure:4351: result: /bin/sed
configure:4369: checking for fgrep
configure:4431: result: /bin/grep -F
configure:4466: checking for ld used by gcc
configure:4533: result: /usr/bin/ld
configure:4540: checking if the linker (/usr/bin/ld) is GNU ld
configure:4555: result: yes
configure:4567: checking for BSD- or MS-compatible name lister (nm)
configure:4621: result: /usr/bin/nm -B
configure:4751: checking the name lister (/usr/bin/nm -B) interface
configure:4758: gcc -c -g -O2  conftest.c >&5
configure:4761: /usr/bin/nm -B "conftest.o"
configure:4764: output
0000000000000000 B some_variable
configure:4771: result: BSD nm
configure:4774: checking whether ln -s works
configure:4778: result: yes
configure:4786: checking the maximum length of command line arguments
configure:4917: result: 1572864
configure:4965: checking how to convert x86_64-pc-linux-gnu file names to x86_64-pc-linux-gnu format
configure:5005: result: func_convert_file_noop
configure:5012: checking how to convert x86_64-pc-linux-gnu file names to toolchain format
configure:5032: result: func_convert_file_noop
configure:5039: checking for /usr/bin/ld option to reload object files
configure:5046: result: -r
configure:5120: checking for objdump
configure:5136: found /usr/bin/objdump
configure:5147: result: objdump
configure:5176: checking how to recognize dependent libraries
configure:5376: result: pass_all
configure:5461: checking for dlltool
configure:5491: result: no
configure:5518: checking how to associate runtime and link libraries
configure:5545: result: printf %s\n
configure:5606: checking for ar
configure:5622: found /usr/bin/ar
configure:5633: result: ar
configure:5670: checking for archiver @FILE support
configure:5687: gcc -c -g -O2  conftest.c >&5
configure:5687: $? = 0
configure:5690: ar cru libconftest.a @conftest.lst >&5
ar: `u' modifier ignored since `D' is the default (see `U')
configure:5693: $? = 0
configure:5698: ar cru libconftest.a @conftest.lst >&5
ar: `u' modifier ignored since `D' is the default (see `U')
ar: conftest.o: No such file or directory
configure:5701: $? = 1
configure:5713: result: @
configure:5771: checking for strip
configure:5787: found /usr/bin/strip
configure:5798: result: strip
configure:5870: checking for ranlib
configure:5886: found /usr/bin/ranlib
configure:5897: result: ranlib
configure:5999: checking command to parse /usr/bin/nm -B output from gcc object
configure:6152: gcc -c -g -O2  conftest.c >&5
configure:6155: $? = 0
configure:6159: /usr/bin/nm -B conftest.o \| sed -n -e 's/^.*[ ]\([ABCDGIRSTW][ABCDGIRSTW]*\)[ ][ ]*\([_A-Za-z][_A-Za-z0-9]*\)$/\1 \2 \2/p' | sed '/ __gnu_lto/d' \> conftest.nm
configure:6162: $? = 0
configure:6228: gcc -o conftest -g -O2   conftest.c conftstm.o >&5
configure:6231: $? = 0
configure:6269: result: ok
configure:6316: checking for sysroot
configure:6346: result: no
configure:6353: checking for a working dd
configure:6391: result: /bin/dd
configure:6395: checking how to truncate binary pipes
configure:6410: result: /bin/dd bs=4096 count=1
configure:6546: gcc -c -g -O2  conftest.c >&5
configure:6549: $? = 0
configure:6739: checking for mt
configure:6755: found /bin/mt
configure:6766: result: mt
configure:6789: checking if mt is a manifest tool
configure:6795: mt '-?'
configure:6803: result: no
configure:7480: checking how to run the C preprocessor
configure:7511: gcc -E  conftest.c
configure:7511: $? = 0
configure:7525: gcc -E  conftest.c
conftest.c:11:28: fatal error: ac_nonexistent.h: No such file or directory
compilation terminated.
configure:7525: $? = 1
configure: failed program was:
| /* confdefs.h */
| #define PACKAGE_NAME "cddlib"
| #define PACKAGE_TARNAME "cddlib"
| #define PACKAGE_VERSION "0.94m"
| #define PACKAGE_STRING "cddlib 0.94m"
| #define PACKAGE_BUGREPORT ""
| #define PACKAGE_URL ""
| #define PACKAGE "cddlib"
| #define VERSION "0.94m"
| /* end confdefs.h.  */
| #include <ac_nonexistent.h>
configure:7550: result: gcc -E
configure:7570: gcc -E  conftest.c
configure:7570: $? = 0
configure:7584: gcc -E  conftest.c
conftest.c:11:28: fatal error: ac_nonexistent.h: No such file or directory
compilation terminated.
configure:7584: $? = 1
configure: failed program was:
| /* confdefs.h */
| #define PACKAGE_NAME "cddlib"
| #define PACKAGE_TARNAME "cddlib"
| #define PACKAGE_VERSION "0.94m"
| #define PACKAGE_STRING "cddlib 0.94m"
| #define PACKAGE_BUGREPORT ""
| #define PACKAGE_URL ""
| #define PACKAGE "cddlib"
| #define VERSION "0.94m"
| /* end confdefs.h.  */
| #include <ac_nonexistent.h>
configure:7613: checking for ANSI C header files
configure:7633: gcc -c -g -O2  conftest.c >&5
configure:7633: $? = 0
configure:7706: gcc -o conftest -g -O2   conftest.c  >&5
configure:7706: $? = 0
configure:7706: ./conftest
configure:7706: $? = 0
configure:7717: result: yes
configure:7730: checking for sys/types.h
configure:7730: gcc -c -g -O2  conftest.c >&5
configure:7730: $? = 0
configure:7730: result: yes
configure:7730: checking for sys/stat.h
configure:7730: gcc -c -g -O2  conftest.c >&5
configure:7730: $? = 0
configure:7730: result: yes
configure:7730: checking for stdlib.h
configure:7730: gcc -c -g -O2  conftest.c >&5
configure:7730: $? = 0
configure:7730: result: yes
configure:7730: checking for string.h
configure:7730: gcc -c -g -O2  conftest.c >&5
configure:7730: $? = 0
configure:7730: result: yes
configure:7730: checking for memory.h
configure:7730: gcc -c -g -O2  conftest.c >&5
configure:7730: $? = 0
configure:7730: result: yes
configure:7730: checking for strings.h
configure:7730: gcc -c -g -O2  conftest.c >&5
configure:7730: $? = 0
configure:7730: result: yes
configure:7730: checking for inttypes.h
configure:7730: gcc -c -g -O2  conftest.c >&5
configure:7730: $? = 0
configure:7730: result: yes
configure:7730: checking for stdint.h
configure:7730: gcc -c -g -O2  conftest.c >&5
configure:7730: $? = 0
configure:7730: result: yes
configure:7730: checking for unistd.h
configure:7730: gcc -c -g -O2  conftest.c >&5
configure:7730: $? = 0
configure:7730: result: yes
configure:7744: checking for dlfcn.h
configure:7744: gcc -c -g -O2  conftest.c >&5
configure:7744: $? = 0
configure:7744: result: yes
configure:8298: checking for objdir
configure:8313: result: .libs
configure:8577: checking if gcc supports -fno-rtti -fno-exceptions
configure:8595: gcc -c -g -O2  -fno-rtti -fno-exceptions conftest.c >&5
cc1: warning: command line option '-fno-rtti' is valid for C++/ObjC++ but not for C
configure:8599: $? = 0
configure:8612: result: no
configure:8970: checking for gcc option to produce PIC
configure:8977: result: -fPIC -DPIC
configure:8985: checking if gcc PIC flag -fPIC -DPIC works
configure:9003: gcc -c -g -O2  -fPIC -DPIC -DPIC conftest.c >&5
configure:9007: $? = 0
configure:9020: result: yes
configure:9049: checking if gcc static flag -static works
configure:9077: result: yes
configure:9092: checking if gcc supports -c -o file.o
configure:9113: gcc -c -g -O2  -o out/conftest2.o conftest.c >&5
configure:9117: $? = 0
configure:9139: result: yes
configure:9147: checking if gcc supports -c -o file.o
configure:9194: result: yes
configure:9227: checking whether the gcc linker (/usr/bin/ld -m elf_x86_64) supports shared libraries
configure:10486: result: yes
configure:10523: checking whether -lc should be explicitly linked in
configure:10531: gcc -c -g -O2  conftest.c >&5
configure:10534: $? = 0
configure:10549: gcc -shared  -fPIC -DPIC conftest.o  -v -Wl,-soname -Wl,conftest -o conftest 2\>\&1 \| /bin/grep  -lc  \>/dev/null 2\>\&1
configure:10552: $? = 0
configure:10566: result: no
configure:10726: checking dynamic linker characteristics
configure:11307: gcc -o conftest -g -O2   -Wl,-rpath -Wl,/foo conftest.c  >&5
configure:11307: $? = 0
configure:11544: result: GNU/Linux ld.so
configure:11666: checking how to hardcode library paths into programs
configure:11691: result: immediate
configure:12239: checking whether stripping libraries is possible
configure:12244: result: yes
configure:12279: checking if libtool supports shared libraries
configure:12281: result: yes
configure:12284: checking whether to build shared libraries
configure:12309: result: yes
configure:12312: checking whether to build static libraries
configure:12316: result: yes
configure:12364: checking gmp.h usability
configure:12364: gcc -c -g -O2  conftest.c >&5
configure:12364: $? = 0
configure:12364: result: yes
configure:12364: checking gmp.h presence
configure:12364: gcc -E  conftest.c
configure:12364: $? = 0
configure:12364: result: yes
configure:12364: checking for gmp.h
configure:12364: result: yes
configure:12367: checking for __gmpz_init in -lgmp
configure:12392: gcc -o conftest -g -O2   conftest.c -lgmp   >&5
configure:12392: $? = 0
configure:12401: result: yes
configure:12431: checking for latex
configure:12447: found /usr/bin/latex
configure:12458: result: latex
configure:12482: checking for pdflatex
configure:12498: found /usr/bin/pdflatex
configure:12509: result: pdflatex
configure:12533: checking for latex2html
configure:12563: result: no
configure:12584: checking for dvips
configure:12600: found /usr/bin/dvips
configure:12611: result: dvips
configure:12778: checking that generated files are newer than configure
configure:12784: result: done
configure:12827: creating ./config.status

## ---------------------- ##
## Running config.status. ##
## ---------------------- ##

This file was extended by cddlib config.status 0.94m, which was
generated by GNU Autoconf 2.69.  Invocation command line was

  CONFIG_FILES    = 
  CONFIG_HEADERS  = 
  CONFIG_LINKS    = 
  CONFIG_COMMANDS = 
  $ ./config.status 

on utile

config.status:1028: creating doc/Makefile
config.status:1028: creating lib-src/Makefile
config.status:1028: creating src/Makefile
config.status:1028: creating Makefile
config.status:1028: creating cddlib.pc
config.status:1200: executing depfiles commands
config.status:1277: cd lib-src       && sed -e '/# am--include-marker/d' Makefile         | make -f - am--depfiles
config.status:1282: $? = 0
config.status:1277: cd src       && sed -e '/# am--include-marker/d' Makefile         | make -f - am--depfiles
config.status:1282: $? = 0
config.status:1200: executing libtool commands

## ---------------- ##
## Cache variables. ##
## ---------------- ##

ac_cv_build=x86_64-pc-linux-gnu
ac_cv_c_compiler_gnu=yes
ac_cv_env_CC_set=
ac_cv_env_CC_value=
ac_cv_env_CFLAGS_set=
ac_cv_env_CFLAGS_value=
ac_cv_env_CPPFLAGS_set=
ac_cv_env_CPPFLAGS_value=
ac_cv_env_CPP_set=
ac_cv_env_CPP_value=
ac_cv_env_LDFLAGS_set=
ac_cv_env_LDFLAGS_value=
ac_cv_env_LIBS_set=
ac_cv_env_LIBS_value=
ac_cv_env_LT_SYS_LIBRARY_PATH_set=
ac_cv_env_LT_SYS_LIBRARY_PATH_value=
ac_cv_env_build_alias_set=
ac_cv_env_build_alias_value=
ac_cv_env_host_alias_set=
ac_cv_env_host_alias_value=
ac_cv_env_target_alias_set=
ac_cv_env_target_alias_value=
ac_cv_header_dlfcn_h=yes
ac_cv_header_gmp_h=yes
ac_cv_header_inttypes_h=yes
ac_cv_header_memory_h=yes
ac_cv_header_stdc=yes
ac_cv_header_stdint_h=yes
ac_cv_header_stdlib_h=yes
ac_cv_header_string_h=yes
ac_cv_header_strings_h=yes
ac_cv_header_sys_stat_h=yes
ac_cv_header_sys_types_h=yes
ac_cv_header_unistd_h=yes
ac_cv_host=x86_64-pc-linux-gnu
ac_cv_lib_gmp___gmpz_init=yes
ac_cv_objext=o
ac_cv_path_EGREP='/bin/grep -E'
ac_cv_path_FGREP='/bin/grep -F'
ac_cv_path_GREP=/bin/grep
ac_cv_path_SED=/bin/sed
ac_cv_path_install='/usr/bin/install -c'
ac_cv_path_lt_DD=/bin/dd
ac_cv_path_mkdir=/bin/mkdir
ac_cv_prog_AWK=gawk
ac_cv_prog_CPP='gcc -E'
ac_cv_prog_ac_ct_AR=ar
ac_cv_prog_ac_ct_CC=gcc
ac_cv_prog_ac_ct_MANIFEST_TOOL=mt
ac_cv_prog_ac_ct_OBJDUMP=objdump
ac_cv_prog_ac_ct_RANLIB=ranlib
ac_cv_prog_ac_ct_STRIP=strip
ac_cv_prog_cc_c89=
ac_cv_prog_cc_g=yes
ac_cv_prog_dvips=dvips
ac_cv_prog_latex=latex
ac_cv_prog_make_make_set=yes
ac_cv_prog_pdflatex=pdflatex
am_cv_CC_dependencies_compiler_type=gcc3
am_cv_make_support_nested_variables=yes
am_cv_prog_cc_c_o=yes
am_cv_prog_tar_ustar=gnutar
lt_cv_ar_at_file=@
lt_cv_archive_cmds_need_lc=no
lt_cv_deplibs_check_method=pass_all
lt_cv_file_magic_cmd='$MAGIC_CMD'
lt_cv_file_magic_test_file=
lt_cv_ld_reload_flag=-r
lt_cv_nm_interface='BSD nm'
lt_cv_objdir=.libs
lt_cv_path_LD=/usr/bin/ld
lt_cv_path_NM='/usr/bin/nm -B'
lt_cv_path_mainfest_tool=no
lt_cv_prog_compiler_c_o=yes
lt_cv_prog_compiler_pic='-fPIC -DPIC'
lt_cv_prog_compiler_pic_works=yes
lt_cv_prog_compiler_rtti_exceptions=no
lt_cv_prog_compiler_static_works=yes
lt_cv_prog_gnu_ld=yes
lt_cv_sharedlib_from_linklib_cmd='printf %s\n'
lt_cv_shlibpath_overrides_runpath=yes
lt_cv_sys_global_symbol_pipe='sed -n -e '\''s/^.*[	 ]\([ABCDGIRSTW][ABCDGIRSTW]*\)[	 ][	 ]*\([_A-Za-z][_A-Za-z0-9]*\)$/\1 \2 \2/p'\'' | sed '\''/ __gnu_lto/d'\'''
lt_cv_sys_global_symbol_to_c_name_address='sed -n -e '\''s/^: \(.*\) .*$/  {"\1", (void *) 0},/p'\'' -e '\''s/^[ABCDGIRSTW][ABCDGIRSTW]* .* \(.*\)$/  {"\1", (void *) \&\1},/p'\'''
lt_cv_sys_global_symbol_to_c_name_address_lib_prefix='sed -n -e '\''s/^: \(.*\) .*$/  {"\1", (void *) 0},/p'\'' -e '\''s/^[ABCDGIRSTW][ABCDGIRSTW]* .* \(lib.*\)$/  {"\1", (void *) \&\1},/p'\'' -e '\''s/^[ABCDGIRSTW][ABCDGIRSTW]* .* \(.*\)$/  {"lib\1", (void *) \&\1},/p'\'''
lt_cv_sys_global_symbol_to_cdecl='sed -n -e '\''s/^T .* \(.*\)$/extern int \1();/p'\'' -e '\''s/^[ABCDGIRSTW][ABCDGIRSTW]* .* \(.*\)$/extern char \1;/p'\'''
lt_cv_sys_global_symbol_to_import=
lt_cv_sys_max_cmd_len=1572864
lt_cv_to_host_file_cmd=func_convert_file_noop
lt_cv_to_tool_file_cmd=func_convert_file_noop
lt_cv_truncate_bin='/bin/dd bs=4096 count=1'

## ----------------- ##
## Output variables. ##
## ----------------- ##

ACLOCAL='${SHELL} /home/wangsiqi/w77/sundries/dx/ERAN/cddlib-0.94m/missing aclocal-1.16'
AMDEPBACKSLASH='\'
AMDEP_FALSE='#'
AMDEP_TRUE=''
AMTAR='$${TAR-tar}'
AM_BACKSLASH='\'
AM_DEFAULT_V='$(AM_DEFAULT_VERBOSITY)'
AM_DEFAULT_VERBOSITY='1'
AM_V='$(V)'
AR='ar'
AS='as'
AUTOCONF='${SHELL} /home/wangsiqi/w77/sundries/dx/ERAN/cddlib-0.94m/missing autoconf'
AUTOHEADER='${SHELL} /home/wangsiqi/w77/sundries/dx/ERAN/cddlib-0.94m/missing autoheader'
AUTOMAKE='${SHELL} /home/wangsiqi/w77/sundries/dx/ERAN/cddlib-0.94m/missing automake-1.16'
AWK='gawk'
CC='gcc'
CCDEPMODE='depmode=gcc3'
CDD_LDFLAGS=''
CDD_LIBS='-lcdd -lcddgmp'
CFLAGS='-g -O2'
CPP='gcc -E'
CPPFLAGS=''
CYGPATH_W='echo'
DEFS='-DPACKAGE_NAME=\"cddlib\" -DPACKAGE_TARNAME=\"cddlib\" -DPACKAGE_VERSION=\"0.94m\" -DPACKAGE_STRING=\"cddlib\ 0.94m\" -DPACKAGE_BUGREPORT=\"\" -DPACKAGE_URL=\"\" -DPACKAGE=\"cddlib\" -DVERSION=\"0.94m\" -DSTDC_HEADERS=1 -DHAVE_SYS_TYPES_H=1 -DHAVE_SYS_STAT_H=1 -DHAVE_STDLIB_H=1 -DHAVE_STRING_H=1 -DHAVE_MEMORY_H=1 -DHAVE_STRINGS_H=1 -DHAVE_INTTYPES_H=1 -DHAVE_STDINT_H=1 -DHAVE_UNISTD_H=1 -DHAVE_DLFCN_H=1 -DLT_OBJDIR=\".libs/\"'
DEPDIR='.deps'
DLLTOOL='false'
DSYMUTIL=''
DUMPBIN=''
ECHO_C=''
ECHO_N='-n'
ECHO_T=''
EGREP='/bin/grep -E'
EXEEXT=''
FGREP='/bin/grep -F'
GMP_FALSE='#'
GMP_TRUE=''
GREP='/bin/grep'
HTML_FALSE=''
HTML_TRUE='#'
INSTALL_DATA='${INSTALL} -m 644'
INSTALL_PROGRAM='${INSTALL}'
INSTALL_SCRIPT='${INSTALL}'
INSTALL_STRIP_PROGRAM='$(install_sh) -c -s'
LATEX_FALSE='#'
LATEX_TRUE=''
LD='/usr/bin/ld -m elf_x86_64'
LDFLAGS=''
LIBOBJS=''
LIBS=''
LIBTOOL='$(SHELL) $(top_builddir)/libtool'
LIPO=''
LN_S='ln -s'
LTLIBOBJS=''
LT_SYS_LIBRARY_PATH=''
MAKEINFO='${SHELL} /home/wangsiqi/w77/sundries/dx/ERAN/cddlib-0.94m/missing makeinfo'
MANIFEST_TOOL=':'
MKDIR_P='/bin/mkdir -p'
NM='/usr/bin/nm -B'
NMEDIT=''
OBJDUMP='objdump'
OBJEXT='o'
OTOOL64=''
OTOOL=''
PACKAGE='cddlib'
PACKAGE_BUGREPORT=''
PACKAGE_NAME='cddlib'
PACKAGE_STRING='cddlib 0.94m'
PACKAGE_TARNAME='cddlib'
PACKAGE_URL=''
PACKAGE_VERSION='0.94m'
PATH_SEPARATOR=':'
PDF_FALSE='#'
PDF_TRUE=''
PS_FALSE='#'
PS_TRUE=''
RANLIB='ranlib'
SED='/bin/sed'
SET_MAKE=''
SHELL='/bin/bash'
STRIP='strip'
VERSION='0.94m'
ac_ct_AR='ar'
ac_ct_CC='gcc'
ac_ct_DUMPBIN=''
am__EXEEXT_FALSE=''
am__EXEEXT_TRUE='#'
am__fastdepCC_FALSE='#'
am__fastdepCC_TRUE=''
am__include='include'
am__isrc=''
am__leading_dot='.'
am__nodep='_no'
am__quote=''
am__tar='tar --format=ustar -chf - "$$tardir"'
am__untar='tar -xf -'
bindir='${exec_prefix}/bin'
build='x86_64-pc-linux-gnu'
build_alias=''
build_cpu='x86_64'
build_os='linux-gnu'
build_vendor='pc'
datadir='${datarootdir}'
datarootdir='${prefix}/share'
docdir='${datarootdir}/doc/${PACKAGE_TARNAME}'
dvidir='${docdir}'
dvips='dvips'
exec_prefix='${prefix}'
host='x86_64-pc-linux-gnu'
host_alias=''
host_cpu='x86_64'
host_os='linux-gnu'
host_vendor='pc'
htmldir='${docdir}'
includedir='${prefix}/include'
infodir='${datarootdir}/info'
install_sh='${SHELL} /home/wangsiqi/w77/sundries/dx/ERAN/cddlib-0.94m/install-sh'
latex2html=''
latex='latex'
libcdd_version_info='1:2:1'
libdir='${exec_prefix}/lib'
libexecdir='${exec_prefix}/libexec'
localedir='${datarootdir}/locale'
localstatedir='${prefix}/var'
mandir='${datarootdir}/man'
mkdir_p='$(MKDIR_P)'
oldincludedir='/usr/include'
pdfdir='${docdir}'
pdflatex='pdflatex'
prefix='/usr/local'
program_transform_name='s,x,x,'
psdir='${docdir}'
sbindir='${exec_prefix}/sbin'
sharedstatedir='${prefix}/com'
sysconfdir='${prefix}/etc'
target_alias=''

## ----------- ##
## confdefs.h. ##
## ----------- ##

/* confdefs.h */
#define PACKAGE_NAME "cddlib"
#define PACKAGE_TARNAME "cddlib"
#define PACKAGE_VERSION "0.94m"
#define PACKAGE_STRING "cddlib 0.94m"
#define PACKAGE_BUGREPORT ""
#define PACKAGE_URL ""
#define PACKAGE "cddlib"
#define VERSION "0.94m"
#define STDC_HEADERS 1
#define HAVE_SYS_TYPES_H 1
#define HAVE_SYS_STAT_H 1
#define HAVE_STDLIB_H 1
#define HAVE_STRING_H 1
#define HAVE_MEMORY_H 1
#define HAVE_STRINGS_H 1
#define HAVE_INTTYPES_H 1
#define HAVE_STDINT_H 1
#define HAVE_UNISTD_H 1
#define HAVE_DLFCN_H 1
#define LT_OBJDIR ".libs/"

configure: exit 0
